c:\projects\opengl-superbible\bin\intermediates\win32\debug\vc142.pdb
c:\projects\opengl-superbible\bin\intermediates\win32\debug\vc142.idb
c:\projects\opengl-superbible\bin\intermediates\win32\debug\file.obj
c:\projects\opengl-superbible\bin\intermediates\win32\debug\main.obj
c:\projects\opengl-superbible\bin\intermediates\win32\debug\shaderprogram.obj
c:\projects\opengl-superbible\bin\intermediates\win32\debug\errorhandler.obj
c:\projects\opengl-superbible\bin\intermediates\win32\debug\texture.obj
c:\projects\opengl-superbible\bin\intermediates\win32\debug\imgui_widgets.obj
c:\projects\opengl-superbible\bin\intermediates\win32\debug\imgui_impl_opengl3.obj
c:\projects\opengl-superbible\bin\intermediates\win32\debug\imgui_impl_glfw.obj
c:\projects\opengl-superbible\bin\intermediates\win32\debug\imgui_draw.obj
c:\projects\opengl-superbible\bin\intermediates\win32\debug\imgui_demo.obj
c:\projects\opengl-superbible\bin\intermediates\win32\debug\imgui.obj
c:\projects\opengl-superbible\bin\win32\debug\opengl-superbible.exe
c:\projects\opengl-superbible\bin\win32\debug\opengl-superbible.ilk
c:\projects\opengl-superbible\bin\win32\debug\opengl-superbible.pdb
c:\projects\opengl-superbible\bin\intermediates\win32\debug\opengl-s.d1d1a658.tlog\cl.command.1.tlog
c:\projects\opengl-superbible\bin\intermediates\win32\debug\opengl-s.d1d1a658.tlog\cl.read.1.tlog
c:\projects\opengl-superbible\bin\intermediates\win32\debug\opengl-s.d1d1a658.tlog\cl.write.1.tlog
c:\projects\opengl-superbible\bin\intermediates\win32\debug\opengl-s.d1d1a658.tlog\link.command.1.tlog
c:\projects\opengl-superbible\bin\intermediates\win32\debug\opengl-s.d1d1a658.tlog\link.read.1.tlog
c:\projects\opengl-superbible\bin\intermediates\win32\debug\opengl-s.d1d1a658.tlog\link.write.1.tlog
